<?xml version="1.0" encoding="UTF-8"?>
<testsuite name="com.megaIT.book.springboot.web.HelloControllerTest" tests="2" skipped="0" failures="0" errors="0" timestamp="2022-08-19T07:02:29" hostname="DESKTOP-JUPGRGK" time="0.493">
  <properties/>
  <testcase name="helloReturn" classname="com.megaIT.book.springboot.web.HelloControllerTest" time="0.35"/>
  <testcase name="helloDtoReturn" classname="com.megaIT.book.springboot.web.HelloControllerTest" time="0.141"/>
  <system-out><![CDATA[2022-08-19 16:02:27.732  INFO 15308 --- [    Test worker] .b.t.a.w.s.WebMvcTestContextBootstrapper : Neither @ContextConfiguration nor @ContextHierarchy found for test class [com.megaIT.book.springboot.web.HelloControllerTest], using SpringBootContextLoader
2022-08-19 16:02:27.735  INFO 15308 --- [    Test worker] o.s.t.c.support.AbstractContextLoader    : Could not detect default resource locations for test class [com.megaIT.book.springboot.web.HelloControllerTest]: no resource found for suffixes {-context.xml, Context.groovy}.
2022-08-19 16:02:27.740  INFO 15308 --- [    Test worker] t.c.s.AnnotationConfigContextLoaderUtils : Could not detect default configuration classes for test class [com.megaIT.book.springboot.web.HelloControllerTest]: HelloControllerTest does not declare any static, non-private, non-final, nested classes annotated with @Configuration.
2022-08-19 16:02:27.789  INFO 15308 --- [    Test worker] .b.t.c.SpringBootTestContextBootstrapper : Found @SpringBootConfiguration com.megaIT.book.springboot.Application for test class com.megaIT.book.springboot.web.HelloControllerTest
2022-08-19 16:02:27.790  INFO 15308 --- [    Test worker] .b.t.a.w.s.WebMvcTestContextBootstrapper : Loaded default TestExecutionListener class names from location [META-INF/spring.factories]: [org.springframework.security.test.context.support.WithSecurityContextTestExecutionListener, org.springframework.security.test.context.support.ReactorContextTestExecutionListener, org.springframework.boot.test.autoconfigure.restdocs.RestDocsTestExecutionListener, org.springframework.boot.test.autoconfigure.web.client.MockRestServiceServerResetTestExecutionListener, org.springframework.boot.test.autoconfigure.web.servlet.MockMvcPrintOnlyOnFailureTestExecutionListener, org.springframework.boot.test.autoconfigure.web.servlet.WebDriverTestExecutionListener, org.springframework.boot.test.mock.mockito.MockitoTestExecutionListener, org.springframework.boot.test.mock.mockito.ResetMocksTestExecutionListener, org.springframework.test.context.web.ServletTestExecutionListener, org.springframework.test.context.support.DirtiesContextBeforeModesTestExecutionListener, org.springframework.test.context.support.DependencyInjectionTestExecutionListener, org.springframework.test.context.support.DirtiesContextTestExecutionListener, org.springframework.test.context.transaction.TransactionalTestExecutionListener, org.springframework.test.context.jdbc.SqlScriptsTestExecutionListener]
2022-08-19 16:02:27.793  INFO 15308 --- [    Test worker] .b.t.a.w.s.WebMvcTestContextBootstrapper : Using TestExecutionListeners: [org.springframework.test.context.web.ServletTestExecutionListener@173b1683, org.springframework.test.context.support.DirtiesContextBeforeModesTestExecutionListener@38485cee, org.springframework.boot.test.mock.mockito.MockitoTestExecutionListener@55aa97df, org.springframework.boot.test.autoconfigure.SpringBootDependencyInjectionTestExecutionListener@74d2525f, org.springframework.test.context.support.DirtiesContextTestExecutionListener@3b92dd48, org.springframework.test.context.transaction.TransactionalTestExecutionListener@414749f8, org.springframework.test.context.jdbc.SqlScriptsTestExecutionListener@40d22a60, org.springframework.security.test.context.support.WithSecurityContextTestExecutionListener@2674c88f, org.springframework.security.test.context.support.ReactorContextTestExecutionListener@b213994, org.springframework.boot.test.autoconfigure.restdocs.RestDocsTestExecutionListener@70d2a981, org.springframework.boot.test.autoconfigure.web.client.MockRestServiceServerResetTestExecutionListener@21820cd1, org.springframework.boot.test.autoconfigure.web.servlet.MockMvcPrintOnlyOnFailureTestExecutionListener@21b298de, org.springframework.boot.test.autoconfigure.web.servlet.WebDriverTestExecutionListener@23ddf8e5, org.springframework.boot.test.mock.mockito.ResetMocksTestExecutionListener@46a6c3be]

  .   ____          _            __ _ _
 /\\ / ___'_ __ _ _(_)_ __  __ _ \ \ \ \
( ( )\___ | '_ | '_| | '_ \/ _` | \ \ \ \
 \\/  ___)| |_)| | | | | || (_| |  ) ) ) )
  '  |____| .__|_| |_|_| |_\__, | / / / /
 =========|_|==============|___/=/_/_/_/
 :: Spring Boot ::        (v2.1.7.RELEASE)

2022-08-19 16:02:27.869  INFO 15308 --- [    Test worker] c.m.b.s.web.HelloControllerTest          : Starting HelloControllerTest on DESKTOP-JUPGRGK with PID 15308 (started by gft in D:\Book\Book)
2022-08-19 16:02:27.871  INFO 15308 --- [    Test worker] c.m.b.s.web.HelloControllerTest          : No active profile set, falling back to default profiles: default
2022-08-19 16:02:28.714  INFO 15308 --- [    Test worker] o.s.s.concurrent.ThreadPoolTaskExecutor  : Initializing ExecutorService 'applicationTaskExecutor'
2022-08-19 16:02:28.831  INFO 15308 --- [    Test worker] o.s.b.a.w.s.WelcomePageHandlerMapping    : Adding welcome page template: index
2022-08-19 16:02:29.210  INFO 15308 --- [    Test worker] .s.s.UserDetailsServiceAutoConfiguration : 

Using generated security password: a81fc59c-f808-4c56-959d-c5b0a79ce285

2022-08-19 16:02:29.407  INFO 15308 --- [    Test worker] o.s.s.web.DefaultSecurityFilterChain     : Creating filter chain: any request, [org.springframework.security.web.context.request.async.WebAsyncManagerIntegrationFilter@42d060f1, org.springframework.security.web.context.SecurityContextPersistenceFilter@70225ba5, org.springframework.security.web.header.HeaderWriterFilter@632e4d5d, org.springframework.security.web.csrf.CsrfFilter@1ecf20aa, org.springframework.security.web.authentication.logout.LogoutFilter@26fddb3f, org.springframework.security.web.authentication.UsernamePasswordAuthenticationFilter@5b5db3a, org.springframework.security.web.authentication.ui.DefaultLoginPageGeneratingFilter@1d504f2c, org.springframework.security.web.authentication.ui.DefaultLogoutPageGeneratingFilter@1a9064b7, org.springframework.security.web.authentication.www.BasicAuthenticationFilter@17e99817, org.springframework.security.web.savedrequest.RequestCacheAwareFilter@7eeb8139, org.springframework.security.web.servletapi.SecurityContextHolderAwareRequestFilter@d6db63e, org.springframework.security.web.authentication.AnonymousAuthenticationFilter@91a7497, org.springframework.security.web.session.SessionManagementFilter@74469684, org.springframework.security.web.access.ExceptionTranslationFilter@681c7f46, org.springframework.security.web.access.intercept.FilterSecurityInterceptor@77b3c429]
2022-08-19 16:02:29.461  INFO 15308 --- [    Test worker] o.s.b.t.m.w.SpringBootMockServletContext : Initializing Spring TestDispatcherServlet ''
2022-08-19 16:02:29.461  INFO 15308 --- [    Test worker] o.s.t.web.servlet.TestDispatcherServlet  : Initializing Servlet ''
2022-08-19 16:02:29.482  INFO 15308 --- [    Test worker] o.s.t.web.servlet.TestDispatcherServlet  : Completed initialization in 21 ms
2022-08-19 16:02:29.549  INFO 15308 --- [    Test worker] c.m.b.s.web.HelloControllerTest          : Started HelloControllerTest in 1.751 seconds (JVM running for 41.622)
]]></system-out>
  <system-err><![CDATA[]]></system-err>
</testsuite>
