<?xml version="1.0" encoding="UTF-8"?>
<testsuite name="com.megaIT.book.springboot.web.dto.HelloResponseDtoTest" tests="1" skipped="0" failures="0" errors="0" timestamp="2022-08-19T07:02:30" hostname="DESKTOP-JUPGRGK" time="0.12">
  <properties/>
  <testcase name="loombookTest" classname="com.megaIT.book.springboot.web.dto.HelloResponseDtoTest" time="0.12"/>
  <system-out><![CDATA[]]></system-out>
  <system-err><![CDATA[]]></system-err>
</testsuite>
